Release 14.7 Map P.20131013 (nt64)
Xilinx Mapping Report File for Design 'alu'

Design Information
------------------
Command Line   : map -intstyle ise -p xc6slx16-csg324-3 -w -logic_opt off -ol
high -t 1 -xt 0 -register_duplication off -r 4 -global_opt off -mt off -ir off
-pr off -lc off -power off -o alu_map.ncd alu.ngd alu.pcf 
Target Device  : xc6slx16
Target Package : csg324
Target Speed   : -3
Mapper Version : spartan6 -- $Revision: 1.55 $
Mapped Date    : Sat Oct 19 22:02:44 2019

Design Summary
--------------
Number of errors:      0
Number of warnings:    0
Slice Logic Utilization:
  Number of Slice Registers:                     0 out of  18,224    0%
  Number of Slice LUTs:                        162 out of   9,112    1%
    Number used as logic:                      162 out of   9,112    1%
      Number using O6 output only:             162
      Number using O5 output only:               0
      Number using O5 and O6:                    0
      Number used as ROM:                        0
    Number used as Memory:                       0 out of   2,176    0%

Slice Logic Distribution:
  Number of occupied Slices:                    49 out of   2,278    2%
  Number of MUXCYs used:                        64 out of   4,556    1%
  Number of LUT Flip Flop pairs used:          162
    Number with an unused Flip Flop:           162 out of     162  100%
    Number with an unused LUT:                   0 out of     162    0%
    Number of fully used LUT-FF pairs:           0 out of     162    0%
    Number of slice register sites lost
      to control set restrictions:               0 out of  18,224    0%

  A LUT Flip Flop pair for this architecture represents one LUT paired with
  one Flip Flop within a slice.  A control set is a unique combination of
  clock, reset, set, and enable signals for a registered element.
  The Slice Logic Distribution report is not meaningful if the design is
  over-mapped for a non-slice resource or if Placement fails.

IO Utilization:
  Number of bonded IOBs:                       107 out of     232   46%

Specific Feature Utilization:
  Number of RAMB16BWERs:                         0 out of      32    0%
  Number of RAMB8BWERs:                          0 out of      64    0%
  Number of BUFIO2/BUFIO2_2CLKs:                 0 out of      32    0%
  Number of BUFIO2FB/BUFIO2FB_2CLKs:             0 out of      32    0%
  Number of BUFG/BUFGMUXs:                       0 out of      16    0%
  Number of DCM/DCM_CLKGENs:                     0 out of       4    0%
  Number of ILOGIC2/ISERDES2s:                   0 out of     248    0%
  Number of IODELAY2/IODRP2/IODRP2_MCBs:         0 out of     248    0%
  Number of OLOGIC2/OSERDES2s:                   0 out of     248    0%
  Number of BSCANs:                              0 out of       4    0%
  Number of BUFHs:                               0 out of     128    0%
  Number of BUFPLLs:                             0 out of       8    0%
  Number of BUFPLL_MCBs:                         0 out of       4    0%
  Number of DSP48A1s:                            0 out of      32    0%
  Number of ICAPs:                               0 out of       1    0%
  Number of MCBs:                                0 out of       2    0%
  Number of PCILOGICSEs:                         0 out of       2    0%
  Number of PLL_ADVs:                            0 out of       2    0%
  Number of PMVs:                                0 out of       1    0%
  Number of STARTUPs:                            0 out of       1    0%
  Number of SUSPEND_SYNCs:                       0 out of       1    0%

Average Fanout of Non-Clock Nets:                2.88

Peak Memory Usage:  4508 MB
Total REAL time to MAP completion:  13 secs 
Total CPU time to MAP completion:   10 secs 

Table of Contents
-----------------
Section 1 - Errors
Section 2 - Warnings
Section 3 - Informational
Section 4 - Removed Logic Summary
Section 5 - Removed Logic
Section 6 - IOB Properties
Section 7 - RPMs
Section 8 - Guide Report
Section 9 - Area Group and Partition Summary
Section 10 - Timing Report
Section 11 - Configuration String Information
Section 12 - Control Set Information
Section 13 - Utilization by Hierarchy

Section 1 - Errors
------------------

Section 2 - Warnings
--------------------

Section 3 - Informational
-------------------------
INFO:MapLib:562 - No environment variables are currently set.
INFO:LIT:244 - All of the single ended outputs in this design are using slew
   rate limited output drivers. The delay on speed critical single ended outputs
   can be dramatically reduced by designating them as fast outputs.
INFO:Pack:1716 - Initializing temperature to 85.000 Celsius. (default - Range:
   0.000 to 85.000 Celsius)
INFO:Pack:1720 - Initializing voltage to 1.140 Volts. (default - Range: 1.140 to
   1.260 Volts)
INFO:Map:215 - The Interim Design Summary has been generated in the MAP Report
   (.mrp).
INFO:Pack:1650 - Map created a placed design.

Section 4 - Removed Logic Summary
---------------------------------
   2 block(s) optimized away

Section 5 - Removed Logic
-------------------------

Optimized Block(s):
TYPE 		BLOCK
GND 		XST_GND
VCC 		XST_VCC

Section 6 - IOB Properties
--------------------------

+---------------------------------------------------------------------------------------------------------------------------------------------------------+
| IOB Name                           | Type             | Direction | IO Standard          | Diff  | Drive    | Slew | Reg (s)      | Resistor | IOB      |
|                                    |                  |           |                      | Term  | Strength | Rate |              |          | Delay    |
+---------------------------------------------------------------------------------------------------------------------------------------------------------+
| a<0>                               | IOB              | INPUT     | LVCMOS25             |       |          |      |              |          |          |
| a<1>                               | IOB              | INPUT     | LVCMOS25             |       |          |      |              |          |          |
| a<2>                               | IOB              | INPUT     | LVCMOS25             |       |          |      |              |          |          |
| a<3>                               | IOB              | INPUT     | LVCMOS25             |       |          |      |              |          |          |
| a<4>                               | IOB              | INPUT     | LVCMOS25             |       |          |      |              |          |          |
| a<5>                               | IOB              | INPUT     | LVCMOS25             |       |          |      |              |          |          |
| a<6>                               | IOB              | INPUT     | LVCMOS25             |       |          |      |              |          |          |
| a<7>                               | IOB              | INPUT     | LVCMOS25             |       |          |      |              |          |          |
| a<8>                               | IOB              | INPUT     | LVCMOS25             |       |          |      |              |          |          |
| a<9>                               | IOB              | INPUT     | LVCMOS25             |       |          |      |              |          |          |
| a<10>                              | IOB              | INPUT     | LVCMOS25             |       |          |      |              |          |          |
| a<11>                              | IOB              | INPUT     | LVCMOS25             |       |          |      |              |          |          |
| a<12>                              | IOB              | INPUT     | LVCMOS25             |       |          |      |              |          |          |
| a<13>                              | IOB              | INPUT     | LVCMOS25             |       |          |      |              |          |          |
| a<14>                              | IOB              | INPUT     | LVCMOS25             |       |          |      |              |          |          |
| a<15>                              | IOB              | INPUT     | LVCMOS25             |       |          |      |              |          |          |
| a<16>                              | IOB              | INPUT     | LVCMOS25             |       |          |      |              |          |          |
| a<17>                              | IOB              | INPUT     | LVCMOS25             |       |          |      |              |          |          |
| a<18>                              | IOB              | INPUT     | LVCMOS25             |       |          |      |              |          |          |
| a<19>                              | IOB              | INPUT     | LVCMOS25             |       |          |      |              |          |          |
| a<20>                              | IOB              | INPUT     | LVCMOS25             |       |          |      |              |          |          |
| a<21>                              | IOB              | INPUT     | LVCMOS25             |       |          |      |              |          |          |
| a<22>                              | IOB              | INPUT     | LVCMOS25             |       |          |      |              |          |          |
| a<23>                              | IOB              | INPUT     | LVCMOS25             |       |          |      |              |          |          |
| a<24>                              | IOB              | INPUT     | LVCMOS25             |       |          |      |              |          |          |
| a<25>                              | IOB              | INPUT     | LVCMOS25             |       |          |      |              |          |          |
| a<26>                              | IOB              | INPUT     | LVCMOS25             |       |          |      |              |          |          |
| a<27>                              | IOB              | INPUT     | LVCMOS25             |       |          |      |              |          |          |
| a<28>                              | IOB              | INPUT     | LVCMOS25             |       |          |      |              |          |          |
| a<29>                              | IOB              | INPUT     | LVCMOS25             |       |          |      |              |          |          |
| a<30>                              | IOB              | INPUT     | LVCMOS25             |       |          |      |              |          |          |
| a<31>                              | IOB              | INPUT     | LVCMOS25             |       |          |      |              |          |          |
| b<0>                               | IOB              | INPUT     | LVCMOS25             |       |          |      |              |          |          |
| b<1>                               | IOB              | INPUT     | LVCMOS25             |       |          |      |              |          |          |
| b<2>                               | IOB              | INPUT     | LVCMOS25             |       |          |      |              |          |          |
| b<3>                               | IOB              | INPUT     | LVCMOS25             |       |          |      |              |          |          |
| b<4>                               | IOB              | INPUT     | LVCMOS25             |       |          |      |              |          |          |
| b<5>                               | IOB              | INPUT     | LVCMOS25             |       |          |      |              |          |          |
| b<6>                               | IOB              | INPUT     | LVCMOS25             |       |          |      |              |          |          |
| b<7>                               | IOB              | INPUT     | LVCMOS25             |       |          |      |              |          |          |
| b<8>                               | IOB              | INPUT     | LVCMOS25             |       |          |      |              |          |          |
| b<9>                               | IOB              | INPUT     | LVCMOS25             |       |          |      |              |          |          |
| b<10>                              | IOB              | INPUT     | LVCMOS25             |       |          |      |              |          |          |
| b<11>                              | IOB              | INPUT     | LVCMOS25             |       |          |      |              |          |          |
| b<12>                              | IOB              | INPUT     | LVCMOS25             |       |          |      |              |          |          |
| b<13>                              | IOB              | INPUT     | LVCMOS25             |       |          |      |              |          |          |
| b<14>                              | IOB              | INPUT     | LVCMOS25             |       |          |      |              |          |          |
| b<15>                              | IOB              | INPUT     | LVCMOS25             |       |          |      |              |          |          |
| b<16>                              | IOB              | INPUT     | LVCMOS25             |       |          |      |              |          |          |
| b<17>                              | IOB              | INPUT     | LVCMOS25             |       |          |      |              |          |          |
| b<18>                              | IOB              | INPUT     | LVCMOS25             |       |          |      |              |          |          |
| b<19>                              | IOB              | INPUT     | LVCMOS25             |       |          |      |              |          |          |
| b<20>                              | IOB              | INPUT     | LVCMOS25             |       |          |      |              |          |          |
| b<21>                              | IOB              | INPUT     | LVCMOS25             |       |          |      |              |          |          |
| b<22>                              | IOB              | INPUT     | LVCMOS25             |       |          |      |              |          |          |
| b<23>                              | IOB              | INPUT     | LVCMOS25             |       |          |      |              |          |          |
| b<24>                              | IOB              | INPUT     | LVCMOS25             |       |          |      |              |          |          |
| b<25>                              | IOB              | INPUT     | LVCMOS25             |       |          |      |              |          |          |
| b<26>                              | IOB              | INPUT     | LVCMOS25             |       |          |      |              |          |          |
| b<27>                              | IOB              | INPUT     | LVCMOS25             |       |          |      |              |          |          |
| b<28>                              | IOB              | INPUT     | LVCMOS25             |       |          |      |              |          |          |
| b<29>                              | IOB              | INPUT     | LVCMOS25             |       |          |      |              |          |          |
| b<30>                              | IOB              | INPUT     | LVCMOS25             |       |          |      |              |          |          |
| b<31>                              | IOB              | INPUT     | LVCMOS25             |       |          |      |              |          |          |
| card<0>                            | IOB              | INPUT     | LVCMOS25             |       |          |      |              |          |          |
| card<1>                            | IOB              | INPUT     | LVCMOS25             |       |          |      |              |          |          |
| card<2>                            | IOB              | INPUT     | LVCMOS25             |       |          |      |              |          |          |
| card<3>                            | IOB              | INPUT     | LVCMOS25             |       |          |      |              |          |          |
| card<4>                            | IOB              | INPUT     | LVCMOS25             |       |          |      |              |          |          |
| card<5>                            | IOB              | INPUT     | LVCMOS25             |       |          |      |              |          |          |
| card<6>                            | IOB              | INPUT     | LVCMOS25             |       |          |      |              |          |          |
| card<7>                            | IOB              | INPUT     | LVCMOS25             |       |          |      |              |          |          |
| card<8>                            | IOB              | INPUT     | LVCMOS25             |       |          |      |              |          |          |
| card<9>                            | IOB              | INPUT     | LVCMOS25             |       |          |      |              |          |          |
| card<10>                           | IOB              | INPUT     | LVCMOS25             |       |          |      |              |          |          |
| out<0>                             | IOB              | OUTPUT    | LVCMOS25             |       | 12       | SLOW |              |          |          |
| out<1>                             | IOB              | OUTPUT    | LVCMOS25             |       | 12       | SLOW |              |          |          |
| out<2>                             | IOB              | OUTPUT    | LVCMOS25             |       | 12       | SLOW |              |          |          |
| out<3>                             | IOB              | OUTPUT    | LVCMOS25             |       | 12       | SLOW |              |          |          |
| out<4>                             | IOB              | OUTPUT    | LVCMOS25             |       | 12       | SLOW |              |          |          |
| out<5>                             | IOB              | OUTPUT    | LVCMOS25             |       | 12       | SLOW |              |          |          |
| out<6>                             | IOB              | OUTPUT    | LVCMOS25             |       | 12       | SLOW |              |          |          |
| out<7>                             | IOB              | OUTPUT    | LVCMOS25             |       | 12       | SLOW |              |          |          |
| out<8>                             | IOB              | OUTPUT    | LVCMOS25             |       | 12       | SLOW |              |          |          |
| out<9>                             | IOB              | OUTPUT    | LVCMOS25             |       | 12       | SLOW |              |          |          |
| out<10>                            | IOB              | OUTPUT    | LVCMOS25             |       | 12       | SLOW |              |          |          |
| out<11>                            | IOB              | OUTPUT    | LVCMOS25             |       | 12       | SLOW |              |          |          |
| out<12>                            | IOB              | OUTPUT    | LVCMOS25             |       | 12       | SLOW |              |          |          |
| out<13>                            | IOB              | OUTPUT    | LVCMOS25             |       | 12       | SLOW |              |          |          |
| out<14>                            | IOB              | OUTPUT    | LVCMOS25             |       | 12       | SLOW |              |          |          |
| out<15>                            | IOB              | OUTPUT    | LVCMOS25             |       | 12       | SLOW |              |          |          |
| out<16>                            | IOB              | OUTPUT    | LVCMOS25             |       | 12       | SLOW |              |          |          |
| out<17>                            | IOB              | OUTPUT    | LVCMOS25             |       | 12       | SLOW |              |          |          |
| out<18>                            | IOB              | OUTPUT    | LVCMOS25             |       | 12       | SLOW |              |          |          |
| out<19>                            | IOB              | OUTPUT    | LVCMOS25             |       | 12       | SLOW |              |          |          |
| out<20>                            | IOB              | OUTPUT    | LVCMOS25             |       | 12       | SLOW |              |          |          |
| out<21>                            | IOB              | OUTPUT    | LVCMOS25             |       | 12       | SLOW |              |          |          |
| out<22>                            | IOB              | OUTPUT    | LVCMOS25             |       | 12       | SLOW |              |          |          |
| out<23>                            | IOB              | OUTPUT    | LVCMOS25             |       | 12       | SLOW |              |          |          |
| out<24>                            | IOB              | OUTPUT    | LVCMOS25             |       | 12       | SLOW |              |          |          |
| out<25>                            | IOB              | OUTPUT    | LVCMOS25             |       | 12       | SLOW |              |          |          |
| out<26>                            | IOB              | OUTPUT    | LVCMOS25             |       | 12       | SLOW |              |          |          |
| out<27>                            | IOB              | OUTPUT    | LVCMOS25             |       | 12       | SLOW |              |          |          |
| out<28>                            | IOB              | OUTPUT    | LVCMOS25             |       | 12       | SLOW |              |          |          |
| out<29>                            | IOB              | OUTPUT    | LVCMOS25             |       | 12       | SLOW |              |          |          |
| out<30>                            | IOB              | OUTPUT    | LVCMOS25             |       | 12       | SLOW |              |          |          |
| out<31>                            | IOB              | OUTPUT    | LVCMOS25             |       | 12       | SLOW |              |          |          |
+---------------------------------------------------------------------------------------------------------------------------------------------------------+

Section 7 - RPMs
----------------

Section 8 - Guide Report
------------------------
Guide not run on this design.

Section 9 - Area Group and Partition Summary
--------------------------------------------

Partition Implementation Status
-------------------------------

  No Partitions were found in this design.

-------------------------------

Area Group Information
----------------------

  No area groups were found in this design.

----------------------

Section 10 - Timing Report
--------------------------
A logic-level (pre-route) timing report can be generated by using Xilinx static
timing analysis tools, Timing Analyzer (GUI) or TRCE (command line), with the
mapped NCD and PCF files. Please note that this timing report will be generated
using estimated delay information. For accurate numbers, please generate a
timing report with the post Place and Route NCD file.

For more information about the Timing Analyzer, consult the Xilinx Timing
Analyzer Reference Manual; for more information about TRCE, consult the Xilinx
Command Line Tools User Guide "TRACE" chapter.

Section 11 - Configuration String Details
-----------------------------------------
Use the "-detail" map option to print out Configuration Strings

Section 12 - Control Set Information
------------------------------------
Use the "-detail" map option to print out Control Set Information.

Section 13 - Utilization by Hierarchy
-------------------------------------
Use the "-detail" map option to print out the Utilization by Hierarchy section.
