--------------------------------------------------------------------------------
Release 14.7 Trace  (nt64)
Copyright (c) 1995-2013 Xilinx, Inc.  All rights reserved.

D:\Xilinx\14.7\ISE_DS\ISE\bin\nt64\unwrapped\trce.exe -intstyle ise -v 3 -s 3
-n 3 -fastpaths -xml alu.twx alu.ncd -o alu.twr alu.pcf

Design file:              alu.ncd
Physical constraint file: alu.pcf
Device,package,speed:     xc6slx16,csg324,C,-3 (PRODUCTION 1.23 2013-10-13)
Report level:             verbose report

Environment Variable      Effect 
--------------------      ------ 
NONE                      No environment variables were set
--------------------------------------------------------------------------------

INFO:Timing:2698 - No timing constraints found, doing default enumeration.
INFO:Timing:3412 - To improve timing, see the Timing Closure User Guide (UG612).
INFO:Timing:2752 - To get complete path coverage, use the unconstrained paths 
   option. All paths that are not constrained will be reported in the 
   unconstrained paths section(s) of the report.
INFO:Timing:3339 - The clock-to-out numbers in this timing report are based on 
   a 50 Ohm transmission line loading model.  For the details of this model, 
   and for more information on accounting for different loading conditions, 
   please see the device datasheet.



Data Sheet report:
-----------------
All values displayed in nanoseconds (ns)

Setup/Hold to clock card<4>
------------+------------+------------+------------+------------+------------------+--------+
            |Max Setup to|  Process   |Max Hold to |  Process   |                  | Clock  |
Source      | clk (edge) |   Corner   | clk (edge) |   Corner   |Internal Clock(s) | Phase  |
------------+------------+------------+------------+------------+------------------+--------+
a<0>        |   26.014(R)|      SLOW  |   -1.991(R)|      FAST  |card_4_BUFGP      |   0.000|
a<1>        |   25.767(R)|      SLOW  |   -2.256(R)|      FAST  |card_4_BUFGP      |   0.000|
a<2>        |   25.805(R)|      SLOW  |   -2.568(R)|      FAST  |card_4_BUFGP      |   0.000|
a<3>        |   24.789(R)|      SLOW  |   -2.343(R)|      FAST  |card_4_BUFGP      |   0.000|
a<4>        |   23.903(R)|      SLOW  |   -1.960(R)|      FAST  |card_4_BUFGP      |   0.000|
a<5>        |   24.347(R)|      SLOW  |   -2.021(R)|      FAST  |card_4_BUFGP      |   0.000|
a<6>        |   23.477(R)|      SLOW  |   -1.776(R)|      FAST  |card_4_BUFGP      |   0.000|
a<7>        |   22.740(R)|      SLOW  |   -2.052(R)|      FAST  |card_4_BUFGP      |   0.000|
a<8>        |   22.914(R)|      SLOW  |   -1.997(R)|      FAST  |card_4_BUFGP      |   0.000|
a<9>        |   21.931(R)|      SLOW  |   -2.435(R)|      FAST  |card_4_BUFGP      |   0.000|
a<10>       |   22.438(R)|      SLOW  |   -2.972(R)|      FAST  |card_4_BUFGP      |   0.000|
a<11>       |   21.695(R)|      SLOW  |   -2.042(R)|      FAST  |card_4_BUFGP      |   0.000|
a<12>       |   20.592(R)|      SLOW  |   -2.521(R)|      FAST  |card_4_BUFGP      |   0.000|
a<13>       |   19.267(R)|      SLOW  |   -1.901(R)|      FAST  |card_4_BUFGP      |   0.000|
a<14>       |   19.096(R)|      SLOW  |   -2.113(R)|      FAST  |card_4_BUFGP      |   0.000|
a<15>       |   18.544(R)|      SLOW  |   -1.973(R)|      FAST  |card_4_BUFGP      |   0.000|
a<16>       |   18.126(R)|      SLOW  |   -1.736(R)|      FAST  |card_4_BUFGP      |   0.000|
a<17>       |   17.952(R)|      SLOW  |   -2.483(R)|      FAST  |card_4_BUFGP      |   0.000|
a<18>       |   17.012(R)|      SLOW  |   -1.717(R)|      FAST  |card_4_BUFGP      |   0.000|
a<19>       |   16.683(R)|      SLOW  |   -2.064(R)|      FAST  |card_4_BUFGP      |   0.000|
a<20>       |   16.482(R)|      SLOW  |   -2.333(R)|      FAST  |card_4_BUFGP      |   0.000|
a<21>       |   14.826(R)|      SLOW  |   -2.036(R)|      FAST  |card_4_BUFGP      |   0.000|
a<22>       |   12.911(R)|      SLOW  |   -1.749(R)|      FAST  |card_4_BUFGP      |   0.000|
a<23>       |   13.348(R)|      SLOW  |   -2.611(R)|      FAST  |card_4_BUFGP      |   0.000|
a<24>       |   12.857(R)|      SLOW  |   -2.309(R)|      FAST  |card_4_BUFGP      |   0.000|
a<25>       |   13.391(R)|      SLOW  |   -2.658(R)|      FAST  |card_4_BUFGP      |   0.000|
a<26>       |   11.132(R)|      SLOW  |   -2.404(R)|      FAST  |card_4_BUFGP      |   0.000|
a<27>       |   11.154(R)|      SLOW  |   -2.398(R)|      FAST  |card_4_BUFGP      |   0.000|
a<28>       |   11.035(R)|      SLOW  |   -2.332(R)|      FAST  |card_4_BUFGP      |   0.000|
a<29>       |   10.711(R)|      SLOW  |   -2.057(R)|      FAST  |card_4_BUFGP      |   0.000|
a<30>       |   10.404(R)|      SLOW  |   -2.515(R)|      FAST  |card_4_BUFGP      |   0.000|
a<31>       |    8.541(R)|      SLOW  |   -2.312(R)|      FAST  |card_4_BUFGP      |   0.000|
b<0>        |   26.322(R)|      SLOW  |   -1.944(R)|      FAST  |card_4_BUFGP      |   0.000|
b<1>        |   26.345(R)|      SLOW  |   -2.348(R)|      FAST  |card_4_BUFGP      |   0.000|
b<2>        |   25.899(R)|      SLOW  |   -2.698(R)|      FAST  |card_4_BUFGP      |   0.000|
b<3>        |   24.831(R)|      SLOW  |   -2.349(R)|      FAST  |card_4_BUFGP      |   0.000|
b<4>        |   24.883(R)|      SLOW  |   -2.330(R)|      FAST  |card_4_BUFGP      |   0.000|
b<5>        |   23.927(R)|      SLOW  |   -2.133(R)|      FAST  |card_4_BUFGP      |   0.000|
b<6>        |   23.612(R)|      SLOW  |   -2.573(R)|      FAST  |card_4_BUFGP      |   0.000|
b<7>        |   22.641(R)|      SLOW  |   -2.202(R)|      FAST  |card_4_BUFGP      |   0.000|
b<8>        |   23.224(R)|      SLOW  |   -2.100(R)|      FAST  |card_4_BUFGP      |   0.000|
b<9>        |   22.329(R)|      SLOW  |   -2.573(R)|      FAST  |card_4_BUFGP      |   0.000|
b<10>       |   22.044(R)|      SLOW  |   -2.414(R)|      FAST  |card_4_BUFGP      |   0.000|
b<11>       |   21.622(R)|      SLOW  |   -2.355(R)|      FAST  |card_4_BUFGP      |   0.000|
b<12>       |   21.788(R)|      SLOW  |   -2.466(R)|      FAST  |card_4_BUFGP      |   0.000|
b<13>       |   20.460(R)|      SLOW  |   -2.646(R)|      FAST  |card_4_BUFGP      |   0.000|
b<14>       |   20.036(R)|      SLOW  |   -2.896(R)|      FAST  |card_4_BUFGP      |   0.000|
b<15>       |   19.102(R)|      SLOW  |   -2.574(R)|      FAST  |card_4_BUFGP      |   0.000|
b<16>       |   19.061(R)|      SLOW  |   -2.509(R)|      FAST  |card_4_BUFGP      |   0.000|
b<17>       |   19.091(R)|      SLOW  |   -3.172(R)|      FAST  |card_4_BUFGP      |   0.000|
b<18>       |   17.221(R)|      SLOW  |   -2.787(R)|      FAST  |card_4_BUFGP      |   0.000|
b<19>       |   16.696(R)|      SLOW  |   -2.516(R)|      FAST  |card_4_BUFGP      |   0.000|
b<20>       |   17.767(R)|      SLOW  |   -2.863(R)|      FAST  |card_4_BUFGP      |   0.000|
b<21>       |   15.854(R)|      SLOW  |   -2.841(R)|      FAST  |card_4_BUFGP      |   0.000|
b<22>       |   14.446(R)|      SLOW  |   -2.789(R)|      FAST  |card_4_BUFGP      |   0.000|
b<23>       |   14.335(R)|      SLOW  |   -3.227(R)|      FAST  |card_4_BUFGP      |   0.000|
b<24>       |   14.451(R)|      SLOW  |   -3.026(R)|      FAST  |card_4_BUFGP      |   0.000|
b<25>       |   13.971(R)|      SLOW  |   -2.890(R)|      FAST  |card_4_BUFGP      |   0.000|
b<26>       |   12.698(R)|      SLOW  |   -3.487(R)|      FAST  |card_4_BUFGP      |   0.000|
b<27>       |   12.049(R)|      SLOW  |   -2.564(R)|      FAST  |card_4_BUFGP      |   0.000|
b<28>       |   10.965(R)|      SLOW  |   -2.926(R)|      FAST  |card_4_BUFGP      |   0.000|
b<29>       |   11.827(R)|      SLOW  |   -2.981(R)|      FAST  |card_4_BUFGP      |   0.000|
b<30>       |   10.850(R)|      SLOW  |   -2.983(R)|      FAST  |card_4_BUFGP      |   0.000|
b<31>       |   10.132(R)|      SLOW  |   -3.124(R)|      FAST  |card_4_BUFGP      |   0.000|
card<0>     |    9.319(R)|      SLOW  |   -2.523(R)|      FAST  |card_4_BUFGP      |   0.000|
card<1>     |    8.036(R)|      SLOW  |   -2.304(R)|      FAST  |card_4_BUFGP      |   0.000|
card<2>     |    8.780(R)|      SLOW  |   -2.377(R)|      FAST  |card_4_BUFGP      |   0.000|
card<3>     |    7.105(R)|      SLOW  |   -2.164(R)|      FAST  |card_4_BUFGP      |   0.000|
cin         |   26.815(R)|      SLOW  |   -2.491(R)|      FAST  |card_4_BUFGP      |   0.000|
------------+------------+------------+------------+------------+------------------+--------+

Clock card<4> to Pad
------------+-----------------+------------+-----------------+------------+------------------+--------+
            |Max (slowest) clk|  Process   |Min (fastest) clk|  Process   |                  | Clock  |
Destination |  (edge) to PAD  |   Corner   |  (edge) to PAD  |   Corner   |Internal Clock(s) | Phase  |
------------+-----------------+------------+-----------------+------------+------------------+--------+
cout        |         5.711(R)|      SLOW  |         2.690(R)|      FAST  |card_4_BUFGP      |   0.000|
f<0>        |         5.711(R)|      SLOW  |         2.690(R)|      FAST  |card_4_BUFGP      |   0.000|
f<1>        |         5.714(R)|      SLOW  |         2.693(R)|      FAST  |card_4_BUFGP      |   0.000|
f<2>        |         5.714(R)|      SLOW  |         2.693(R)|      FAST  |card_4_BUFGP      |   0.000|
f<3>        |         5.716(R)|      SLOW  |         2.695(R)|      FAST  |card_4_BUFGP      |   0.000|
f<4>        |         5.716(R)|      SLOW  |         2.695(R)|      FAST  |card_4_BUFGP      |   0.000|
f<5>        |         5.709(R)|      SLOW  |         2.688(R)|      FAST  |card_4_BUFGP      |   0.000|
f<6>        |         5.709(R)|      SLOW  |         2.688(R)|      FAST  |card_4_BUFGP      |   0.000|
f<7>        |         5.711(R)|      SLOW  |         2.690(R)|      FAST  |card_4_BUFGP      |   0.000|
f<8>        |         5.711(R)|      SLOW  |         2.690(R)|      FAST  |card_4_BUFGP      |   0.000|
f<9>        |         5.714(R)|      SLOW  |         2.693(R)|      FAST  |card_4_BUFGP      |   0.000|
f<10>       |         5.714(R)|      SLOW  |         2.693(R)|      FAST  |card_4_BUFGP      |   0.000|
f<11>       |         5.717(R)|      SLOW  |         2.696(R)|      FAST  |card_4_BUFGP      |   0.000|
f<12>       |         5.717(R)|      SLOW  |         2.696(R)|      FAST  |card_4_BUFGP      |   0.000|
f<13>       |         5.719(R)|      SLOW  |         2.698(R)|      FAST  |card_4_BUFGP      |   0.000|
f<14>       |         5.719(R)|      SLOW  |         2.698(R)|      FAST  |card_4_BUFGP      |   0.000|
f<15>       |         5.720(R)|      SLOW  |         2.699(R)|      FAST  |card_4_BUFGP      |   0.000|
f<16>       |         5.720(R)|      SLOW  |         2.699(R)|      FAST  |card_4_BUFGP      |   0.000|
f<17>       |         5.723(R)|      SLOW  |         2.702(R)|      FAST  |card_4_BUFGP      |   0.000|
f<18>       |         5.723(R)|      SLOW  |         2.702(R)|      FAST  |card_4_BUFGP      |   0.000|
f<19>       |         5.716(R)|      SLOW  |         2.695(R)|      FAST  |card_4_BUFGP      |   0.000|
f<20>       |         5.714(R)|      SLOW  |         2.693(R)|      FAST  |card_4_BUFGP      |   0.000|
f<21>       |         5.722(R)|      SLOW  |         2.701(R)|      FAST  |card_4_BUFGP      |   0.000|
f<22>       |         5.721(R)|      SLOW  |         2.700(R)|      FAST  |card_4_BUFGP      |   0.000|
f<23>       |         5.722(R)|      SLOW  |         2.701(R)|      FAST  |card_4_BUFGP      |   0.000|
f<24>       |         5.714(R)|      SLOW  |         2.693(R)|      FAST  |card_4_BUFGP      |   0.000|
f<25>       |         5.721(R)|      SLOW  |         2.700(R)|      FAST  |card_4_BUFGP      |   0.000|
f<26>       |         5.709(R)|      SLOW  |         2.688(R)|      FAST  |card_4_BUFGP      |   0.000|
f<27>       |         5.709(R)|      SLOW  |         2.688(R)|      FAST  |card_4_BUFGP      |   0.000|
f<28>       |         5.716(R)|      SLOW  |         2.695(R)|      FAST  |card_4_BUFGP      |   0.000|
f<29>       |         5.721(R)|      SLOW  |         2.700(R)|      FAST  |card_4_BUFGP      |   0.000|
f<30>       |         5.721(R)|      SLOW  |         2.700(R)|      FAST  |card_4_BUFGP      |   0.000|
f<31>       |         5.720(R)|      SLOW  |         2.699(R)|      FAST  |card_4_BUFGP      |   0.000|
zero        |        11.679(R)|      SLOW  |         5.545(R)|      FAST  |card_4_BUFGP      |   0.000|
------------+-----------------+------------+-----------------+------------+------------------+--------+


Analysis completed Tue Oct 15 22:23:01 2019 
--------------------------------------------------------------------------------

Trace Settings:
-------------------------
Trace Settings 

Peak Memory Usage: 4561 MB



